mode: set
github.com/iParadigms/walker/console/controllers.go:22.23,37.2 1 0
github.com/iParadigms/walker/console/controllers.go:39.63,43.2 3 1
github.com/iParadigms/walker/console/controllers.go:45.70,49.16 4 1
github.com/iParadigms/walker/console/controllers.go:60.2,61.16 2 1
github.com/iParadigms/walker/console/controllers.go:67.2,69.37 3 1
github.com/iParadigms/walker/console/controllers.go:74.2,80.43 2 1
github.com/iParadigms/walker/console/controllers.go:49.16,52.3 2 1
github.com/iParadigms/walker/console/controllers.go:52.4,55.17 3 0
github.com/iParadigms/walker/console/controllers.go:55.17,57.4 1 0
github.com/iParadigms/walker/console/controllers.go:61.16,65.3 3 0
github.com/iParadigms/walker/console/controllers.go:69.37,72.3 2 1
github.com/iParadigms/walker/console/controllers.go:83.69,84.26 1 1
github.com/iParadigms/walker/console/controllers.go:90.2,91.16 2 1
github.com/iParadigms/walker/console/controllers.go:96.2,97.31 2 1
github.com/iParadigms/walker/console/controllers.go:104.2,107.23 4 1
github.com/iParadigms/walker/console/controllers.go:114.2,114.23 1 1
github.com/iParadigms/walker/console/controllers.go:123.2,126.33 4 1
github.com/iParadigms/walker/console/controllers.go:141.2,144.22 3 1
github.com/iParadigms/walker/console/controllers.go:84.26,88.3 3 1
github.com/iParadigms/walker/console/controllers.go:91.16,94.3 2 0
github.com/iParadigms/walker/console/controllers.go:97.31,102.3 4 0
github.com/iParadigms/walker/console/controllers.go:107.23,109.14 2 1
github.com/iParadigms/walker/console/controllers.go:109.14,111.4 1 1
github.com/iParadigms/walker/console/controllers.go:114.23,121.3 3 0
github.com/iParadigms/walker/console/controllers.go:126.33,128.17 2 1
github.com/iParadigms/walker/console/controllers.go:133.3,133.19 1 1
github.com/iParadigms/walker/console/controllers.go:138.3,138.34 1 1
github.com/iParadigms/walker/console/controllers.go:128.17,130.12 2 0
github.com/iParadigms/walker/console/controllers.go:133.19,135.12 2 1
github.com/iParadigms/walker/console/controllers.go:144.22,154.3 4 1
github.com/iParadigms/walker/console/controllers.go:154.4,166.3 2 1
github.com/iParadigms/walker/console/controllers.go:171.71,172.26 1 1
github.com/iParadigms/walker/console/controllers.go:178.2,179.16 2 1
github.com/iParadigms/walker/console/controllers.go:184.2,185.9 2 1
github.com/iParadigms/walker/console/controllers.go:190.2,194.23 5 1
github.com/iParadigms/walker/console/controllers.go:210.2,210.19 1 1
github.com/iParadigms/walker/console/controllers.go:223.2,224.23 2 1
github.com/iParadigms/walker/console/controllers.go:236.2,241.8 3 1
github.com/iParadigms/walker/console/controllers.go:172.26,176.3 3 1
github.com/iParadigms/walker/console/controllers.go:179.16,182.3 2 0
github.com/iParadigms/walker/console/controllers.go:185.9,188.3 2 0
github.com/iParadigms/walker/console/controllers.go:194.23,196.14 2 1
github.com/iParadigms/walker/console/controllers.go:200.3,201.15 2 1
github.com/iParadigms/walker/console/controllers.go:205.3,207.27 2 1
github.com/iParadigms/walker/console/controllers.go:196.14,197.12 1 1
github.com/iParadigms/walker/console/controllers.go:201.15,203.12 2 0
github.com/iParadigms/walker/console/controllers.go:210.19,221.3 3 0
github.com/iParadigms/walker/console/controllers.go:224.23,225.29 1 0
github.com/iParadigms/walker/console/controllers.go:228.3,233.9 3 0
github.com/iParadigms/walker/console/controllers.go:225.29,227.4 1 0
github.com/iParadigms/walker/console/controllers.go:252.64,255.18 3 1
github.com/iParadigms/walker/console/controllers.go:259.2,260.16 2 1
github.com/iParadigms/walker/console/controllers.go:265.2,265.18 1 1
github.com/iParadigms/walker/console/controllers.go:270.2,274.19 5 1
github.com/iParadigms/walker/console/controllers.go:287.2,288.16 2 1
github.com/iParadigms/walker/console/controllers.go:293.2,295.33 3 1
github.com/iParadigms/walker/console/controllers.go:300.2,301.31 2 1
github.com/iParadigms/walker/console/controllers.go:306.2,317.8 3 1
github.com/iParadigms/walker/console/controllers.go:255.18,258.3 2 0
github.com/iParadigms/walker/console/controllers.go:260.16,263.3 2 0
github.com/iParadigms/walker/console/controllers.go:265.18,268.3 2 0
github.com/iParadigms/walker/console/controllers.go:274.19,278.3 3 1
github.com/iParadigms/walker/console/controllers.go:278.4,280.17 2 1
github.com/iParadigms/walker/console/controllers.go:284.3,284.15 1 1
github.com/iParadigms/walker/console/controllers.go:280.17,283.4 2 0
github.com/iParadigms/walker/console/controllers.go:288.16,291.3 2 0
github.com/iParadigms/walker/console/controllers.go:295.33,298.3 2 1
github.com/iParadigms/walker/console/controllers.go:301.31,304.3 2 1
github.com/iParadigms/walker/console/controllers.go:320.74,323.15 3 1
github.com/iParadigms/walker/console/controllers.go:327.2,328.16 2 1
github.com/iParadigms/walker/console/controllers.go:332.2,335.16 3 1
github.com/iParadigms/walker/console/controllers.go:340.2,344.49 2 1
github.com/iParadigms/walker/console/controllers.go:323.15,326.3 2 0
github.com/iParadigms/walker/console/controllers.go:328.16,331.3 2 0
github.com/iParadigms/walker/console/controllers.go:335.16,338.3 2 0
github.com/iParadigms/walker/console/controllers.go:347.68,348.26 1 1
github.com/iParadigms/walker/console/controllers.go:354.2,355.16 2 1
github.com/iParadigms/walker/console/controllers.go:360.2,361.9 2 1
github.com/iParadigms/walker/console/controllers.go:366.2,371.23 6 1
github.com/iParadigms/walker/console/controllers.go:395.2,398.22 3 1
github.com/iParadigms/walker/console/controllers.go:412.2,413.31 2 1
github.com/iParadigms/walker/console/controllers.go:418.2,432.8 3 1
github.com/iParadigms/walker/console/controllers.go:348.26,352.3 3 1
github.com/iParadigms/walker/console/controllers.go:355.16,358.3 2 0
github.com/iParadigms/walker/console/controllers.go:361.9,364.3 2 0
github.com/iParadigms/walker/console/controllers.go:371.23,373.14 2 1
github.com/iParadigms/walker/console/controllers.go:377.3,378.15 2 1
github.com/iParadigms/walker/console/controllers.go:382.3,385.17 3 1
github.com/iParadigms/walker/console/controllers.go:392.3,392.34 1 1
github.com/iParadigms/walker/console/controllers.go:373.14,374.12 1 1
github.com/iParadigms/walker/console/controllers.go:378.15,380.12 2 0
github.com/iParadigms/walker/console/controllers.go:385.17,387.12 2 0
github.com/iParadigms/walker/console/controllers.go:388.5,388.26 1 1
github.com/iParadigms/walker/console/controllers.go:388.26,390.12 2 0
github.com/iParadigms/walker/console/controllers.go:398.22,410.3 4 0
github.com/iParadigms/walker/console/controllers.go:413.31,416.3 2 1
github.com/iParadigms/walker/console/controllers.go:441.36,443.15 2 1
github.com/iParadigms/walker/console/controllers.go:447.2,448.50 2 1
github.com/iParadigms/walker/console/controllers.go:454.2,454.11 1 0
github.com/iParadigms/walker/console/controllers.go:443.15,445.3 1 0
github.com/iParadigms/walker/console/controllers.go:448.50,449.18 1 1
github.com/iParadigms/walker/console/controllers.go:449.18,451.4 1 1
github.com/iParadigms/walker/console/model.go:97.47,104.2 6 1
github.com/iParadigms/walker/console/model.go:106.33,108.2 1 1
github.com/iParadigms/walker/console/model.go:111.61,114.16 3 1
github.com/iParadigms/walker/console/model.go:118.2,118.16 1 1
github.com/iParadigms/walker/console/model.go:125.2,125.12 1 1
github.com/iParadigms/walker/console/model.go:114.16,116.3 1 0
github.com/iParadigms/walker/console/model.go:118.16,120.17 2 1
github.com/iParadigms/walker/console/model.go:120.17,122.4 1 0
github.com/iParadigms/walker/console/model.go:130.61,137.23 4 1
github.com/iParadigms/walker/console/model.go:167.2,169.23 3 1
github.com/iParadigms/walker/console/model.go:197.2,197.16 1 1
github.com/iParadigms/walker/console/model.go:137.23,140.17 3 1
github.com/iParadigms/walker/console/model.go:151.3,152.19 2 1
github.com/iParadigms/walker/console/model.go:159.3,160.27 2 1
github.com/iParadigms/walker/console/model.go:140.17,144.12 4 0
github.com/iParadigms/walker/console/model.go:145.5,145.30 1 1
github.com/iParadigms/walker/console/model.go:145.30,149.12 4 0
github.com/iParadigms/walker/console/model.go:152.19,156.12 4 0
github.com/iParadigms/walker/console/model.go:169.23,175.15 4 1
github.com/iParadigms/walker/console/model.go:179.3,179.15 1 1
github.com/iParadigms/walker/console/model.go:186.3,191.17 3 1
github.com/iParadigms/walker/console/model.go:175.15,176.12 1 0
github.com/iParadigms/walker/console/model.go:179.15,181.18 2 1
github.com/iParadigms/walker/console/model.go:181.18,183.13 2 0
github.com/iParadigms/walker/console/model.go:191.17,193.12 2 0
github.com/iParadigms/walker/console/model.go:200.84,208.57 7 1
github.com/iParadigms/walker/console/model.go:215.2,216.24 2 1
github.com/iParadigms/walker/console/model.go:208.57,211.37 3 1
github.com/iParadigms/walker/console/model.go:211.37,213.4 1 1
github.com/iParadigms/walker/console/model.go:219.71,223.24 1 1
github.com/iParadigms/walker/console/model.go:242.2,242.12 1 1
github.com/iParadigms/walker/console/model.go:223.24,227.17 3 1
github.com/iParadigms/walker/console/model.go:230.3,233.31 3 1
github.com/iParadigms/walker/console/model.go:227.17,229.4 1 0
github.com/iParadigms/walker/console/model.go:233.31,235.18 2 1
github.com/iParadigms/walker/console/model.go:238.4,238.38 1 1
github.com/iParadigms/walker/console/model.go:235.18,237.5 1 0
github.com/iParadigms/walker/console/model.go:245.101,246.16 1 1
github.com/iParadigms/walker/console/model.go:249.2,252.28 3 1
github.com/iParadigms/walker/console/model.go:262.2,266.49 5 1
github.com/iParadigms/walker/console/model.go:269.2,270.16 2 1
github.com/iParadigms/walker/console/model.go:273.2,275.20 2 1
github.com/iParadigms/walker/console/model.go:246.16,248.3 1 0
github.com/iParadigms/walker/console/model.go:252.28,254.3 1 1
github.com/iParadigms/walker/console/model.go:254.4,254.23 1 1
github.com/iParadigms/walker/console/model.go:254.23,256.3 1 1
github.com/iParadigms/walker/console/model.go:256.4,256.21 1 1
github.com/iParadigms/walker/console/model.go:256.21,258.3 1 1
github.com/iParadigms/walker/console/model.go:258.4,260.3 1 1
github.com/iParadigms/walker/console/model.go:266.49,268.3 1 1
github.com/iParadigms/walker/console/model.go:270.16,272.3 1 0
github.com/iParadigms/walker/console/model.go:278.83,279.16 1 1
github.com/iParadigms/walker/console/model.go:282.2,282.47 1 1
github.com/iParadigms/walker/console/model.go:279.16,281.3 1 0
github.com/iParadigms/walker/console/model.go:285.96,286.16 1 1
github.com/iParadigms/walker/console/model.go:289.2,289.52 1 1
github.com/iParadigms/walker/console/model.go:286.16,288.3 1 0
github.com/iParadigms/walker/console/model.go:293.72,298.40 5 1
github.com/iParadigms/walker/console/model.go:303.2,305.16 3 1
github.com/iParadigms/walker/console/model.go:309.2,312.19 4 1
github.com/iParadigms/walker/console/model.go:298.40,301.3 2 1
github.com/iParadigms/walker/console/model.go:305.16,307.3 1 0
github.com/iParadigms/walker/console/model.go:349.142,355.102 5 1
github.com/iParadigms/walker/console/model.go:391.2,391.20 1 1
github.com/iParadigms/walker/console/model.go:355.102,358.17 2 1
github.com/iParadigms/walker/console/model.go:361.3,365.37 3 1
github.com/iParadigms/walker/console/model.go:369.3,378.10 3 1
github.com/iParadigms/walker/console/model.go:385.3,387.27 2 1
github.com/iParadigms/walker/console/model.go:358.17,360.4 1 0
github.com/iParadigms/walker/console/model.go:365.37,366.12 1 0
github.com/iParadigms/walker/console/model.go:378.10,381.4 2 1
github.com/iParadigms/walker/console/model.go:381.5,384.4 2 1
github.com/iParadigms/walker/console/model.go:387.27,388.9 1 1
github.com/iParadigms/walker/console/model.go:399.97,400.16 1 1
github.com/iParadigms/walker/console/model.go:403.2,408.19 5 1
github.com/iParadigms/walker/console/model.go:455.2,456.27 2 1
github.com/iParadigms/walker/console/model.go:471.2,471.20 1 1
github.com/iParadigms/walker/console/model.go:400.16,402.3 1 0
github.com/iParadigms/walker/console/model.go:408.19,417.3 1 1
github.com/iParadigms/walker/console/model.go:417.4,419.17 2 1
github.com/iParadigms/walker/console/model.go:422.3,452.4 5 1
github.com/iParadigms/walker/console/model.go:419.17,421.4 1 0
github.com/iParadigms/walker/console/model.go:456.27,459.17 3 1
github.com/iParadigms/walker/console/model.go:463.3,464.17 2 1
github.com/iParadigms/walker/console/model.go:459.17,461.4 1 0
github.com/iParadigms/walker/console/model.go:464.17,466.4 1 0
github.com/iParadigms/walker/console/model.go:466.5,466.34 1 1
github.com/iParadigms/walker/console/model.go:466.34,468.4 1 1
github.com/iParadigms/walker/console/model.go:474.111,475.16 1 1
github.com/iParadigms/walker/console/model.go:478.2,480.16 3 1
github.com/iParadigms/walker/console/model.go:484.2,495.90 9 1
github.com/iParadigms/walker/console/model.go:514.2,516.45 2 1
github.com/iParadigms/walker/console/model.go:475.16,477.3 1 0
github.com/iParadigms/walker/console/model.go:480.16,482.3 1 0
github.com/iParadigms/walker/console/model.go:495.90,496.24 1 1
github.com/iParadigms/walker/console/model.go:501.3,510.27 4 1
github.com/iParadigms/walker/console/model.go:496.24,498.12 2 1
github.com/iParadigms/walker/console/model.go:510.27,511.9 1 1
github.com/iParadigms/walker/console/model.go:519.66,522.16 3 1
github.com/iParadigms/walker/console/model.go:525.2,534.16 5 1
github.com/iParadigms/walker/console/model.go:539.2,540.16 2 1
github.com/iParadigms/walker/console/model.go:544.2,544.22 1 1
github.com/iParadigms/walker/console/model.go:522.16,524.3 1 0
github.com/iParadigms/walker/console/model.go:534.16,537.3 2 0
github.com/iParadigms/walker/console/model.go:540.16,542.3 1 0
github.com/iParadigms/walker/console/model.go:544.22,546.3 1 0
github.com/iParadigms/walker/console/model.go:546.4,548.3 1 1
github.com/iParadigms/walker/console/rendering.go:26.39,27.13 1 1
github.com/iParadigms/walker/console/rendering.go:27.13,29.3 1 1
github.com/iParadigms/walker/console/rendering.go:29.4,31.3 1 0
github.com/iParadigms/walker/console/rendering.go:34.35,35.7 1 1
github.com/iParadigms/walker/console/rendering.go:35.7,37.3 1 0
github.com/iParadigms/walker/console/rendering.go:37.4,39.3 1 1
github.com/iParadigms/walker/console/rendering.go:43.42,44.19 1 1
github.com/iParadigms/walker/console/rendering.go:44.19,46.3 1 0
github.com/iParadigms/walker/console/rendering.go:46.4,48.3 1 1
github.com/iParadigms/walker/console/rendering.go:51.36,52.52 1 1
github.com/iParadigms/walker/console/rendering.go:52.52,54.3 1 1
github.com/iParadigms/walker/console/rendering.go:54.4,56.3 1 1
github.com/iParadigms/walker/console/rendering.go:59.37,60.52 1 1
github.com/iParadigms/walker/console/rendering.go:60.52,62.3 1 1
github.com/iParadigms/walker/console/rendering.go:62.4,64.3 1 1
github.com/iParadigms/walker/console/rendering.go:67.37,68.19 1 1
github.com/iParadigms/walker/console/rendering.go:68.19,70.3 1 1
github.com/iParadigms/walker/console/rendering.go:70.4,72.3 1 1
github.com/iParadigms/walker/console/rendering.go:77.32,79.16 2 1
github.com/iParadigms/walker/console/rendering.go:82.2,82.13 1 1
github.com/iParadigms/walker/console/rendering.go:85.2,101.4 1 1
github.com/iParadigms/walker/console/rendering.go:79.16,81.3 1 0
github.com/iParadigms/walker/console/rendering.go:82.13,84.3 1 0
github.com/iParadigms/walker/console/rendering.go:104.57,112.2 4 0
github.com/iParadigms/walker/console/rendering.go:115.41,118.2 2 1
github.com/iParadigms/walker/console/rendering.go:120.32,123.2 2 1
github.com/iParadigms/walker/console/spoof.go:21.18,22.21 1 1
github.com/iParadigms/walker/console/spoof.go:22.21,24.3 1 1
github.com/iParadigms/walker/console/spoof.go:27.22,28.50 1 1
github.com/iParadigms/walker/console/spoof.go:53.2,54.16 2 1
github.com/iParadigms/walker/console/spoof.go:61.2,62.16 2 1
github.com/iParadigms/walker/console/spoof.go:65.2,71.31 3 1
github.com/iParadigms/walker/console/spoof.go:78.2,85.27 6 1
github.com/iParadigms/walker/console/spoof.go:105.2,105.26 1 1
github.com/iParadigms/walker/console/spoof.go:129.2,136.26 2 1
github.com/iParadigms/walker/console/spoof.go:159.2,159.26 1 1
github.com/iParadigms/walker/console/spoof.go:181.2,181.8 1 1
github.com/iParadigms/walker/console/spoof.go:28.50,30.3 1 0
github.com/iParadigms/walker/console/spoof.go:35.2,39.17 3 1
github.com/iParadigms/walker/console/spoof.go:43.3,44.17 2 1
github.com/iParadigms/walker/console/spoof.go:47.3,47.13 1 1
github.com/iParadigms/walker/console/spoof.go:39.17,41.4 1 0
github.com/iParadigms/walker/console/spoof.go:44.17,46.4 1 0
github.com/iParadigms/walker/console/spoof.go:54.16,56.3 1 0
github.com/iParadigms/walker/console/spoof.go:62.16,64.3 1 0
github.com/iParadigms/walker/console/spoof.go:71.31,73.17 2 1
github.com/iParadigms/walker/console/spoof.go:73.17,75.4 1 0
github.com/iParadigms/walker/console/spoof.go:85.27,88.17 3 1
github.com/iParadigms/walker/console/spoof.go:91.3,94.27 4 1
github.com/iParadigms/walker/console/spoof.go:99.3,100.17 2 1
github.com/iParadigms/walker/console/spoof.go:88.17,90.4 1 0
github.com/iParadigms/walker/console/spoof.go:94.27,98.4 3 1
github.com/iParadigms/walker/console/spoof.go:100.17,102.4 1 0
github.com/iParadigms/walker/console/spoof.go:105.26,108.17 3 1
github.com/iParadigms/walker/console/spoof.go:112.3,112.28 1 1
github.com/iParadigms/walker/console/spoof.go:108.17,110.4 1 0
github.com/iParadigms/walker/console/spoof.go:112.28,116.28 4 1
github.com/iParadigms/walker/console/spoof.go:121.4,123.18 3 1
github.com/iParadigms/walker/console/spoof.go:116.28,120.5 3 1
github.com/iParadigms/walker/console/spoof.go:123.18,125.5 1 0
github.com/iParadigms/walker/console/spoof.go:136.26,139.17 3 1
github.com/iParadigms/walker/console/spoof.go:143.3,144.27 2 1
github.com/iParadigms/walker/console/spoof.go:139.17,141.4 1 0
github.com/iParadigms/walker/console/spoof.go:144.27,148.28 4 1
github.com/iParadigms/walker/console/spoof.go:152.4,153.18 2 1
github.com/iParadigms/walker/console/spoof.go:148.28,151.5 2 1
github.com/iParadigms/walker/console/spoof.go:153.18,155.5 1 0
github.com/iParadigms/walker/console/spoof.go:159.26,163.17 4 1
github.com/iParadigms/walker/console/spoof.go:167.3,167.27 1 1
github.com/iParadigms/walker/console/spoof.go:163.17,165.4 1 0
github.com/iParadigms/walker/console/spoof.go:167.27,170.18 3 1
github.com/iParadigms/walker/console/spoof.go:174.4,175.18 2 1
github.com/iParadigms/walker/console/spoof.go:170.18,172.5 1 0
github.com/iParadigms/walker/console/spoof.go:175.18,177.5 1 0
github.com/iParadigms/walker/console/spoof.go:184.32,187.2 2 1
github.com/iParadigms/walker/console/spoof.go:232.23,233.26 1 1
github.com/iParadigms/walker/console/spoof.go:233.26,235.3 1 1
github.com/iParadigms/walker/console/spoof.go:235.4,237.3 1 1
github.com/iParadigms/walker/console/spoof.go:243.28,244.22 1 1
github.com/iParadigms/walker/console/spoof.go:254.2,254.49 1 1
github.com/iParadigms/walker/console/spoof.go:244.22,245.26 1 1
github.com/iParadigms/walker/console/spoof.go:245.26,247.18 2 1
github.com/iParadigms/walker/console/spoof.go:250.4,250.40 1 1
github.com/iParadigms/walker/console/spoof.go:247.18,249.5 1 0
