mode: set
github.com/iParadigms/walker/console/spoof.go:21.18,22.21 1 1
github.com/iParadigms/walker/console/spoof.go:22.21,24.3 1 1
github.com/iParadigms/walker/console/spoof.go:27.22,29.16 2 1
github.com/iParadigms/walker/console/spoof.go:32.2,34.50 2 1
github.com/iParadigms/walker/console/spoof.go:37.2,38.16 2 1
github.com/iParadigms/walker/console/spoof.go:41.2,42.16 2 1
github.com/iParadigms/walker/console/spoof.go:49.2,50.31 2 1
github.com/iParadigms/walker/console/spoof.go:57.2,64.27 6 1
github.com/iParadigms/walker/console/spoof.go:84.2,84.26 1 1
github.com/iParadigms/walker/console/spoof.go:108.2,115.26 2 1
github.com/iParadigms/walker/console/spoof.go:138.2,138.26 1 1
github.com/iParadigms/walker/console/spoof.go:160.2,160.8 1 1
github.com/iParadigms/walker/console/spoof.go:29.16,31.3 1 0
github.com/iParadigms/walker/console/spoof.go:34.50,36.3 1 0
github.com/iParadigms/walker/console/spoof.go:38.16,40.3 1 0
github.com/iParadigms/walker/console/spoof.go:42.16,44.3 1 0
github.com/iParadigms/walker/console/spoof.go:50.31,52.17 2 1
github.com/iParadigms/walker/console/spoof.go:52.17,54.4 1 0
github.com/iParadigms/walker/console/spoof.go:64.27,67.17 3 1
github.com/iParadigms/walker/console/spoof.go:70.3,73.27 4 1
github.com/iParadigms/walker/console/spoof.go:78.3,79.17 2 1
github.com/iParadigms/walker/console/spoof.go:67.17,69.4 1 0
github.com/iParadigms/walker/console/spoof.go:73.27,77.4 3 1
github.com/iParadigms/walker/console/spoof.go:79.17,81.4 1 0
github.com/iParadigms/walker/console/spoof.go:84.26,87.17 3 1
github.com/iParadigms/walker/console/spoof.go:91.3,91.28 1 1
github.com/iParadigms/walker/console/spoof.go:87.17,89.4 1 0
github.com/iParadigms/walker/console/spoof.go:91.28,95.28 4 1
github.com/iParadigms/walker/console/spoof.go:100.4,102.18 3 1
github.com/iParadigms/walker/console/spoof.go:95.28,99.5 3 1
github.com/iParadigms/walker/console/spoof.go:102.18,104.5 1 0
github.com/iParadigms/walker/console/spoof.go:115.26,118.17 3 1
github.com/iParadigms/walker/console/spoof.go:122.3,123.27 2 1
github.com/iParadigms/walker/console/spoof.go:118.17,120.4 1 0
github.com/iParadigms/walker/console/spoof.go:123.27,127.28 4 1
github.com/iParadigms/walker/console/spoof.go:131.4,132.18 2 1
github.com/iParadigms/walker/console/spoof.go:127.28,130.5 2 1
github.com/iParadigms/walker/console/spoof.go:132.18,134.5 1 0
github.com/iParadigms/walker/console/spoof.go:138.26,142.17 4 1
github.com/iParadigms/walker/console/spoof.go:146.3,146.27 1 1
github.com/iParadigms/walker/console/spoof.go:142.17,144.4 1 0
github.com/iParadigms/walker/console/spoof.go:146.27,149.18 3 1
github.com/iParadigms/walker/console/spoof.go:153.4,154.18 2 1
github.com/iParadigms/walker/console/spoof.go:149.18,151.5 1 0
github.com/iParadigms/walker/console/spoof.go:154.18,156.5 1 0
github.com/iParadigms/walker/console/spoof.go:163.32,166.2 2 1
github.com/iParadigms/walker/console/spoof.go:211.23,212.26 1 1
github.com/iParadigms/walker/console/spoof.go:212.26,214.3 1 1
github.com/iParadigms/walker/console/spoof.go:214.4,216.3 1 1
github.com/iParadigms/walker/console/spoof.go:222.28,223.22 1 1
github.com/iParadigms/walker/console/spoof.go:233.2,233.49 1 1
github.com/iParadigms/walker/console/spoof.go:223.22,224.26 1 1
github.com/iParadigms/walker/console/spoof.go:224.26,226.18 2 1
github.com/iParadigms/walker/console/spoof.go:229.4,229.40 1 1
github.com/iParadigms/walker/console/spoof.go:226.18,228.5 1 0
github.com/iParadigms/walker/console/controllers.go:22.23,37.2 1 0
github.com/iParadigms/walker/console/controllers.go:39.63,43.2 3 1
github.com/iParadigms/walker/console/controllers.go:45.70,49.16 4 1
github.com/iParadigms/walker/console/controllers.go:60.2,61.16 2 1
github.com/iParadigms/walker/console/controllers.go:67.2,69.37 3 1
github.com/iParadigms/walker/console/controllers.go:74.2,80.43 2 1
github.com/iParadigms/walker/console/controllers.go:49.16,52.3 2 1
github.com/iParadigms/walker/console/controllers.go:52.4,55.17 3 0
github.com/iParadigms/walker/console/controllers.go:55.17,57.4 1 0
github.com/iParadigms/walker/console/controllers.go:61.16,65.3 3 0
github.com/iParadigms/walker/console/controllers.go:69.37,72.3 2 1
github.com/iParadigms/walker/console/controllers.go:83.69,84.26 1 1
github.com/iParadigms/walker/console/controllers.go:90.2,91.16 2 1
github.com/iParadigms/walker/console/controllers.go:96.2,97.31 2 1
github.com/iParadigms/walker/console/controllers.go:104.2,107.23 4 1
github.com/iParadigms/walker/console/controllers.go:114.2,114.23 1 1
github.com/iParadigms/walker/console/controllers.go:123.2,126.33 4 1
github.com/iParadigms/walker/console/controllers.go:141.2,144.22 3 1
github.com/iParadigms/walker/console/controllers.go:84.26,88.3 3 1
github.com/iParadigms/walker/console/controllers.go:91.16,94.3 2 0
github.com/iParadigms/walker/console/controllers.go:97.31,102.3 4 0
github.com/iParadigms/walker/console/controllers.go:107.23,109.14 2 1
github.com/iParadigms/walker/console/controllers.go:109.14,111.4 1 1
github.com/iParadigms/walker/console/controllers.go:114.23,121.3 3 0
github.com/iParadigms/walker/console/controllers.go:126.33,128.17 2 1
github.com/iParadigms/walker/console/controllers.go:133.3,133.19 1 1
github.com/iParadigms/walker/console/controllers.go:138.3,138.34 1 1
github.com/iParadigms/walker/console/controllers.go:128.17,130.12 2 0
github.com/iParadigms/walker/console/controllers.go:133.19,135.12 2 1
github.com/iParadigms/walker/console/controllers.go:144.22,154.3 4 1
github.com/iParadigms/walker/console/controllers.go:154.4,166.3 2 1
github.com/iParadigms/walker/console/controllers.go:171.71,172.26 1 1
github.com/iParadigms/walker/console/controllers.go:178.2,179.16 2 1
github.com/iParadigms/walker/console/controllers.go:184.2,185.9 2 1
github.com/iParadigms/walker/console/controllers.go:190.2,194.23 5 1
github.com/iParadigms/walker/console/controllers.go:210.2,210.19 1 1
github.com/iParadigms/walker/console/controllers.go:223.2,224.23 2 1
github.com/iParadigms/walker/console/controllers.go:236.2,241.8 3 1
github.com/iParadigms/walker/console/controllers.go:172.26,176.3 3 1
github.com/iParadigms/walker/console/controllers.go:179.16,182.3 2 0
github.com/iParadigms/walker/console/controllers.go:185.9,188.3 2 0
github.com/iParadigms/walker/console/controllers.go:194.23,196.14 2 1
github.com/iParadigms/walker/console/controllers.go:200.3,201.15 2 1
github.com/iParadigms/walker/console/controllers.go:205.3,207.27 2 1
github.com/iParadigms/walker/console/controllers.go:196.14,197.12 1 1
github.com/iParadigms/walker/console/controllers.go:201.15,203.12 2 0
github.com/iParadigms/walker/console/controllers.go:210.19,221.3 3 0
github.com/iParadigms/walker/console/controllers.go:224.23,225.29 1 0
github.com/iParadigms/walker/console/controllers.go:228.3,233.9 3 0
github.com/iParadigms/walker/console/controllers.go:225.29,227.4 1 0
github.com/iParadigms/walker/console/controllers.go:252.64,255.18 3 1
github.com/iParadigms/walker/console/controllers.go:259.2,260.16 2 1
github.com/iParadigms/walker/console/controllers.go:265.2,265.18 1 1
github.com/iParadigms/walker/console/controllers.go:270.2,274.19 5 1
github.com/iParadigms/walker/console/controllers.go:287.2,288.16 2 1
github.com/iParadigms/walker/console/controllers.go:293.2,295.33 3 1
github.com/iParadigms/walker/console/controllers.go:300.2,301.31 2 1
github.com/iParadigms/walker/console/controllers.go:306.2,317.8 3 1
github.com/iParadigms/walker/console/controllers.go:255.18,258.3 2 0
github.com/iParadigms/walker/console/controllers.go:260.16,263.3 2 0
github.com/iParadigms/walker/console/controllers.go:265.18,268.3 2 0
github.com/iParadigms/walker/console/controllers.go:274.19,278.3 3 1
github.com/iParadigms/walker/console/controllers.go:278.4,280.17 2 1
github.com/iParadigms/walker/console/controllers.go:284.3,284.15 1 1
github.com/iParadigms/walker/console/controllers.go:280.17,283.4 2 0
github.com/iParadigms/walker/console/controllers.go:288.16,291.3 2 0
github.com/iParadigms/walker/console/controllers.go:295.33,298.3 2 1
github.com/iParadigms/walker/console/controllers.go:301.31,304.3 2 1
github.com/iParadigms/walker/console/controllers.go:320.74,323.15 3 1
github.com/iParadigms/walker/console/controllers.go:327.2,328.16 2 1
github.com/iParadigms/walker/console/controllers.go:332.2,335.16 3 1
github.com/iParadigms/walker/console/controllers.go:340.2,344.49 2 1
github.com/iParadigms/walker/console/controllers.go:323.15,326.3 2 0
github.com/iParadigms/walker/console/controllers.go:328.16,331.3 2 0
github.com/iParadigms/walker/console/controllers.go:335.16,338.3 2 0
github.com/iParadigms/walker/console/controllers.go:347.68,348.26 1 1
github.com/iParadigms/walker/console/controllers.go:354.2,355.16 2 1
github.com/iParadigms/walker/console/controllers.go:360.2,361.9 2 1
github.com/iParadigms/walker/console/controllers.go:366.2,371.23 6 1
github.com/iParadigms/walker/console/controllers.go:395.2,398.22 3 1
github.com/iParadigms/walker/console/controllers.go:412.2,413.31 2 1
github.com/iParadigms/walker/console/controllers.go:418.2,432.8 3 1
github.com/iParadigms/walker/console/controllers.go:348.26,352.3 3 1
github.com/iParadigms/walker/console/controllers.go:355.16,358.3 2 0
github.com/iParadigms/walker/console/controllers.go:361.9,364.3 2 0
github.com/iParadigms/walker/console/controllers.go:371.23,373.14 2 1
github.com/iParadigms/walker/console/controllers.go:377.3,378.15 2 1
github.com/iParadigms/walker/console/controllers.go:382.3,385.17 3 1
github.com/iParadigms/walker/console/controllers.go:392.3,392.34 1 1
github.com/iParadigms/walker/console/controllers.go:373.14,374.12 1 1
github.com/iParadigms/walker/console/controllers.go:378.15,380.12 2 0
github.com/iParadigms/walker/console/controllers.go:385.17,387.12 2 0
github.com/iParadigms/walker/console/controllers.go:388.5,388.26 1 1
github.com/iParadigms/walker/console/controllers.go:388.26,390.12 2 0
github.com/iParadigms/walker/console/controllers.go:398.22,410.3 4 0
github.com/iParadigms/walker/console/controllers.go:413.31,416.3 2 1
github.com/iParadigms/walker/console/controllers.go:441.36,443.15 2 1
github.com/iParadigms/walker/console/controllers.go:447.2,448.50 2 1
github.com/iParadigms/walker/console/controllers.go:454.2,454.11 1 0
github.com/iParadigms/walker/console/controllers.go:443.15,445.3 1 0
github.com/iParadigms/walker/console/controllers.go:448.50,449.18 1 1
github.com/iParadigms/walker/console/controllers.go:449.18,451.4 1 1
github.com/iParadigms/walker/console/model.go:97.47,104.2 6 1
github.com/iParadigms/walker/console/model.go:106.33,108.2 1 1
github.com/iParadigms/walker/console/model.go:111.61,114.16 3 1
github.com/iParadigms/walker/console/model.go:118.2,118.16 1 1
github.com/iParadigms/walker/console/model.go:125.2,125.12 1 1
github.com/iParadigms/walker/console/model.go:114.16,116.3 1 0
github.com/iParadigms/walker/console/model.go:118.16,120.17 2 1
github.com/iParadigms/walker/console/model.go:120.17,122.4 1 0
github.com/iParadigms/walker/console/model.go:130.61,137.23 4 1
github.com/iParadigms/walker/console/model.go:167.2,169.23 3 1
github.com/iParadigms/walker/console/model.go:197.2,197.16 1 1
github.com/iParadigms/walker/console/model.go:137.23,140.17 3 1
github.com/iParadigms/walker/console/model.go:151.3,152.19 2 1
github.com/iParadigms/walker/console/model.go:159.3,160.27 2 1
github.com/iParadigms/walker/console/model.go:140.17,144.12 4 0
github.com/iParadigms/walker/console/model.go:145.5,145.30 1 1
github.com/iParadigms/walker/console/model.go:145.30,149.12 4 0
github.com/iParadigms/walker/console/model.go:152.19,156.12 4 0
github.com/iParadigms/walker/console/model.go:169.23,175.15 4 1
github.com/iParadigms/walker/console/model.go:179.3,179.15 1 1
github.com/iParadigms/walker/console/model.go:186.3,191.17 3 1
github.com/iParadigms/walker/console/model.go:175.15,176.12 1 0
github.com/iParadigms/walker/console/model.go:179.15,181.18 2 1
github.com/iParadigms/walker/console/model.go:181.18,183.13 2 0
github.com/iParadigms/walker/console/model.go:191.17,193.12 2 0
github.com/iParadigms/walker/console/model.go:200.84,208.57 7 1
github.com/iParadigms/walker/console/model.go:215.2,216.24 2 1
github.com/iParadigms/walker/console/model.go:208.57,211.37 3 1
github.com/iParadigms/walker/console/model.go:211.37,213.4 1 1
github.com/iParadigms/walker/console/model.go:219.71,223.24 1 1
github.com/iParadigms/walker/console/model.go:242.2,242.12 1 1
github.com/iParadigms/walker/console/model.go:223.24,227.17 3 1
github.com/iParadigms/walker/console/model.go:230.3,233.31 3 1
github.com/iParadigms/walker/console/model.go:227.17,229.4 1 0
github.com/iParadigms/walker/console/model.go:233.31,235.18 2 1
github.com/iParadigms/walker/console/model.go:238.4,238.38 1 1
github.com/iParadigms/walker/console/model.go:235.18,237.5 1 0
github.com/iParadigms/walker/console/model.go:245.101,246.16 1 1
github.com/iParadigms/walker/console/model.go:249.2,252.28 3 1
github.com/iParadigms/walker/console/model.go:262.2,266.49 5 1
github.com/iParadigms/walker/console/model.go:269.2,270.16 2 1
github.com/iParadigms/walker/console/model.go:273.2,275.20 2 1
github.com/iParadigms/walker/console/model.go:246.16,248.3 1 0
github.com/iParadigms/walker/console/model.go:252.28,254.3 1 1
github.com/iParadigms/walker/console/model.go:254.4,254.23 1 1
github.com/iParadigms/walker/console/model.go:254.23,256.3 1 1
github.com/iParadigms/walker/console/model.go:256.4,256.21 1 1
github.com/iParadigms/walker/console/model.go:256.21,258.3 1 1
github.com/iParadigms/walker/console/model.go:258.4,260.3 1 1
github.com/iParadigms/walker/console/model.go:266.49,268.3 1 1
github.com/iParadigms/walker/console/model.go:270.16,272.3 1 0
github.com/iParadigms/walker/console/model.go:278.83,279.16 1 1
github.com/iParadigms/walker/console/model.go:282.2,282.47 1 1
github.com/iParadigms/walker/console/model.go:279.16,281.3 1 0
github.com/iParadigms/walker/console/model.go:285.96,286.16 1 1
github.com/iParadigms/walker/console/model.go:289.2,289.52 1 1
github.com/iParadigms/walker/console/model.go:286.16,288.3 1 0
github.com/iParadigms/walker/console/model.go:293.72,298.40 5 1
github.com/iParadigms/walker/console/model.go:303.2,305.16 3 1
github.com/iParadigms/walker/console/model.go:309.2,312.19 4 1
github.com/iParadigms/walker/console/model.go:298.40,301.3 2 1
github.com/iParadigms/walker/console/model.go:305.16,307.3 1 0
github.com/iParadigms/walker/console/model.go:349.142,355.102 5 1
github.com/iParadigms/walker/console/model.go:391.2,391.20 1 1
github.com/iParadigms/walker/console/model.go:355.102,358.17 2 1
github.com/iParadigms/walker/console/model.go:361.3,365.37 3 1
github.com/iParadigms/walker/console/model.go:369.3,378.10 3 1
github.com/iParadigms/walker/console/model.go:385.3,387.27 2 1
github.com/iParadigms/walker/console/model.go:358.17,360.4 1 0
github.com/iParadigms/walker/console/model.go:365.37,366.12 1 0
github.com/iParadigms/walker/console/model.go:378.10,381.4 2 1
github.com/iParadigms/walker/console/model.go:381.5,384.4 2 1
github.com/iParadigms/walker/console/model.go:387.27,388.9 1 1
github.com/iParadigms/walker/console/model.go:399.97,400.16 1 1
github.com/iParadigms/walker/console/model.go:403.2,408.19 5 1
github.com/iParadigms/walker/console/model.go:455.2,456.27 2 1
github.com/iParadigms/walker/console/model.go:471.2,471.20 1 1
github.com/iParadigms/walker/console/model.go:400.16,402.3 1 0
github.com/iParadigms/walker/console/model.go:408.19,417.3 1 1
github.com/iParadigms/walker/console/model.go:417.4,419.17 2 1
github.com/iParadigms/walker/console/model.go:422.3,452.4 5 1
github.com/iParadigms/walker/console/model.go:419.17,421.4 1 0
github.com/iParadigms/walker/console/model.go:456.27,459.17 3 1
github.com/iParadigms/walker/console/model.go:463.3,464.17 2 1
github.com/iParadigms/walker/console/model.go:459.17,461.4 1 0
github.com/iParadigms/walker/console/model.go:464.17,466.4 1 0
github.com/iParadigms/walker/console/model.go:466.5,466.34 1 1
github.com/iParadigms/walker/console/model.go:466.34,468.4 1 1
github.com/iParadigms/walker/console/model.go:474.111,475.16 1 1
github.com/iParadigms/walker/console/model.go:478.2,480.16 3 1
github.com/iParadigms/walker/console/model.go:484.2,495.90 9 1
github.com/iParadigms/walker/console/model.go:514.2,516.45 2 1
github.com/iParadigms/walker/console/model.go:475.16,477.3 1 0
github.com/iParadigms/walker/console/model.go:480.16,482.3 1 0
github.com/iParadigms/walker/console/model.go:495.90,496.24 1 1
github.com/iParadigms/walker/console/model.go:501.3,510.27 4 1
github.com/iParadigms/walker/console/model.go:496.24,498.12 2 1
github.com/iParadigms/walker/console/model.go:510.27,511.9 1 1
github.com/iParadigms/walker/console/model.go:519.66,522.16 3 1
github.com/iParadigms/walker/console/model.go:525.2,534.16 5 1
github.com/iParadigms/walker/console/model.go:539.2,540.16 2 1
github.com/iParadigms/walker/console/model.go:544.2,544.22 1 1
github.com/iParadigms/walker/console/model.go:522.16,524.3 1 0
github.com/iParadigms/walker/console/model.go:534.16,537.3 2 0
github.com/iParadigms/walker/console/model.go:540.16,542.3 1 0
github.com/iParadigms/walker/console/model.go:544.22,546.3 1 0
github.com/iParadigms/walker/console/model.go:546.4,548.3 1 1
github.com/iParadigms/walker/console/rendering.go:27.39,28.13 1 1
github.com/iParadigms/walker/console/rendering.go:28.13,30.3 1 1
github.com/iParadigms/walker/console/rendering.go:30.4,32.3 1 0
github.com/iParadigms/walker/console/rendering.go:35.35,36.7 1 1
github.com/iParadigms/walker/console/rendering.go:36.7,38.3 1 0
github.com/iParadigms/walker/console/rendering.go:38.4,40.3 1 1
github.com/iParadigms/walker/console/rendering.go:44.42,45.19 1 1
github.com/iParadigms/walker/console/rendering.go:45.19,47.3 1 0
github.com/iParadigms/walker/console/rendering.go:47.4,49.3 1 1
github.com/iParadigms/walker/console/rendering.go:52.36,53.52 1 1
github.com/iParadigms/walker/console/rendering.go:53.52,55.3 1 1
github.com/iParadigms/walker/console/rendering.go:55.4,57.3 1 1
github.com/iParadigms/walker/console/rendering.go:60.37,61.52 1 1
github.com/iParadigms/walker/console/rendering.go:61.52,63.3 1 1
github.com/iParadigms/walker/console/rendering.go:63.4,65.3 1 1
github.com/iParadigms/walker/console/rendering.go:68.37,69.19 1 1
github.com/iParadigms/walker/console/rendering.go:69.19,71.3 1 1
github.com/iParadigms/walker/console/rendering.go:71.4,73.3 1 1
github.com/iParadigms/walker/console/rendering.go:78.32,80.16 2 1
github.com/iParadigms/walker/console/rendering.go:83.2,83.13 1 1
github.com/iParadigms/walker/console/rendering.go:86.2,102.4 1 1
github.com/iParadigms/walker/console/rendering.go:80.16,82.3 1 0
github.com/iParadigms/walker/console/rendering.go:83.13,85.3 1 0
github.com/iParadigms/walker/console/rendering.go:104.94,105.27 1 0
github.com/iParadigms/walker/console/rendering.go:108.2,109.44 2 0
github.com/iParadigms/walker/console/rendering.go:118.2,118.38 1 0
github.com/iParadigms/walker/console/rendering.go:105.27,107.3 1 0
github.com/iParadigms/walker/console/rendering.go:109.44,112.13 3 0
github.com/iParadigms/walker/console/rendering.go:115.3,116.18 2 0
github.com/iParadigms/walker/console/rendering.go:112.13,114.4 1 0
github.com/iParadigms/walker/console/rendering.go:125.57,130.2 2 0
github.com/iParadigms/walker/console/rendering.go:138.77,143.2 2 0
github.com/iParadigms/walker/console/rendering.go:145.84,150.2 2 0
github.com/iParadigms/walker/console/rendering.go:153.41,156.2 2 1
github.com/iParadigms/walker/console/rendering.go:158.32,161.2 2 1
